This file contains any messages produced by compilers while
running configure, to aid debugging if configure makes a mistake.

It was created by SuperTux configure 0.1.3, which was
generated by GNU Autoconf 2.64.  Invocation command line was

  $ ./configure --disable-opengl

## --------- ##
## Platform. ##
## --------- ##

hostname = egaudet-ubuntu
uname -m = i686
uname -r = 2.6.31-16-generic
uname -s = Linux
uname -v = #53-Ubuntu SMP Tue Dec 8 04:01:29 UTC 2009

/usr/bin/uname -p = unknown
/bin/uname -X     = unknown

/bin/arch              = unknown
/usr/bin/arch -k       = unknown
/usr/convex/getsysinfo = unknown
/usr/bin/hostinfo      = unknown
/bin/machine           = unknown
/usr/bin/oslevel       = unknown
/bin/universe          = unknown

PATH: /home/egaudet/bin
PATH: /usr/local/sbin
PATH: /usr/local/bin
PATH: /usr/sbin
PATH: /usr/bin
PATH: /sbin
PATH: /bin
PATH: /usr/games


## ----------- ##
## Core tests. ##
## ----------- ##

configure:2226: checking build system type
configure:2240: result: i686-pc-linux-gnu
configure:2260: checking host system type
configure:2273: result: i686-pc-linux-gnu
configure:2293: checking target system type
configure:2306: result: i686-pc-linux-gnu
configure:2348: checking for a BSD-compatible install
configure:2416: result: /usr/bin/install -c
configure:2427: checking whether build environment is sane
configure:2477: result: yes
configure:2618: checking for a thread-safe mkdir -p
configure:2657: result: /bin/mkdir -p
configure:2670: checking for gawk
configure:2686: found /usr/bin/gawk
configure:2697: result: gawk
configure:2708: checking whether make sets $(MAKE)
configure:2730: result: yes
configure:2861: checking for gcc
configure:2877: found /usr/bin/gcc
configure:2888: result: gcc
configure:3117: checking for C compiler version
configure:3126: gcc --version >&5
gcc (Ubuntu 4.4.1-4ubuntu8) 4.4.1
Copyright (C) 2009 Free Software Foundation, Inc.
This is free software; see the source for copying conditions.  There is NO
warranty; not even for MERCHANTABILITY or FITNESS FOR A PARTICULAR PURPOSE.

configure:3137: $? = 0
configure:3126: gcc -v >&5
Using built-in specs.
Target: i486-linux-gnu
Configured with: ../src/configure -v --with-pkgversion='Ubuntu 4.4.1-4ubuntu8' --with-bugurl=file:///usr/share/doc/gcc-4.4/README.Bugs --enable-languages=c,c++,fortran,objc,obj-c++ --prefix=/usr --enable-shared --enable-multiarch --enable-linker-build-id --with-system-zlib --libexecdir=/usr/lib --without-included-gettext --enable-threads=posix --with-gxx-include-dir=/usr/include/c++/4.4 --program-suffix=-4.4 --enable-nls --enable-clocale=gnu --enable-libstdcxx-debug --enable-objc-gc --enable-targets=all --disable-werror --with-arch-32=i486 --with-tune=generic --enable-checking=release --build=i486-linux-gnu --host=i486-linux-gnu --target=i486-linux-gnu
Thread model: posix
gcc version 4.4.1 (Ubuntu 4.4.1-4ubuntu8) 
configure:3137: $? = 0
configure:3126: gcc -V >&5
gcc: '-V' option must have argument
configure:3137: $? = 1
configure:3126: gcc -qversion >&5
gcc: unrecognized option '-qversion'
gcc: no input files
configure:3137: $? = 1
configure:3159: checking for C compiler default output file name
configure:3181: gcc    conftest.c  >&5
configure:3185: $? = 0
configure:3222: result: a.out
configure:3238: checking whether the C compiler works
configure:3247: ./a.out
configure:3251: $? = 0
configure:3266: result: yes
configure:3273: checking whether we are cross compiling
configure:3275: result: no
configure:3278: checking for suffix of executables
configure:3285: gcc -o conftest    conftest.c  >&5
configure:3289: $? = 0
configure:3311: result: 
configure:3317: checking for suffix of object files
configure:3339: gcc -c   conftest.c >&5
configure:3343: $? = 0
configure:3364: result: o
configure:3368: checking whether we are using the GNU C compiler
configure:3387: gcc -c   conftest.c >&5
configure:3387: $? = 0
configure:3396: result: yes
configure:3405: checking whether gcc accepts -g
configure:3425: gcc -c -g  conftest.c >&5
configure:3425: $? = 0
configure:3466: result: yes
configure:3483: checking for gcc option to accept ISO C89
configure:3547: gcc  -c -g -O2  conftest.c >&5
configure:3547: $? = 0
configure:3560: result: none needed
configure:3591: checking for style of include used by make
configure:3619: result: GNU
configure:3644: checking dependency style of gcc
configure:3754: result: gcc3
configure:3827: checking for g++
configure:3843: found /usr/bin/g++
configure:3854: result: g++
configure:3881: checking for C++ compiler version
configure:3890: g++ --version >&5
g++ (Ubuntu 4.4.1-4ubuntu8) 4.4.1
Copyright (C) 2009 Free Software Foundation, Inc.
This is free software; see the source for copying conditions.  There is NO
warranty; not even for MERCHANTABILITY or FITNESS FOR A PARTICULAR PURPOSE.

configure:3901: $? = 0
configure:3890: g++ -v >&5
Using built-in specs.
Target: i486-linux-gnu
Configured with: ../src/configure -v --with-pkgversion='Ubuntu 4.4.1-4ubuntu8' --with-bugurl=file:///usr/share/doc/gcc-4.4/README.Bugs --enable-languages=c,c++,fortran,objc,obj-c++ --prefix=/usr --enable-shared --enable-multiarch --enable-linker-build-id --with-system-zlib --libexecdir=/usr/lib --without-included-gettext --enable-threads=posix --with-gxx-include-dir=/usr/include/c++/4.4 --program-suffix=-4.4 --enable-nls --enable-clocale=gnu --enable-libstdcxx-debug --enable-objc-gc --enable-targets=all --disable-werror --with-arch-32=i486 --with-tune=generic --enable-checking=release --build=i486-linux-gnu --host=i486-linux-gnu --target=i486-linux-gnu
Thread model: posix
gcc version 4.4.1 (Ubuntu 4.4.1-4ubuntu8) 
configure:3901: $? = 0
configure:3890: g++ -V >&5
g++: '-V' option must have argument
configure:3901: $? = 1
configure:3890: g++ -qversion >&5
g++: unrecognized option '-qversion'
g++: no input files
configure:3901: $? = 1
configure:3905: checking whether we are using the GNU C++ compiler
configure:3924: g++ -c   conftest.cpp >&5
configure:3924: $? = 0
configure:3933: result: yes
configure:3942: checking whether g++ accepts -g
configure:3962: g++ -c -g  conftest.cpp >&5
configure:3962: $? = 0
configure:4003: result: yes
configure:4028: checking dependency style of g++
configure:4138: result: gcc3
configure:4159: checking for dirent.h that defines DIR
configure:4178: gcc -c -g -O2  conftest.c >&5
configure:4178: $? = 0
configure:4186: result: yes
configure:4200: checking for library containing opendir
configure:4231: gcc -o conftest -g -O2   conftest.c  >&5
configure:4231: $? = 0
configure:4248: result: none required
configure:4320: checking how to run the C preprocessor
configure:4351: gcc -E  conftest.c
configure:4351: $? = 0
configure:4365: gcc -E  conftest.c
conftest.c:12:28: error: ac_nonexistent.h: No such file or directory
configure:4365: $? = 1
configure: failed program was:
| /* confdefs.h */
| #define PACKAGE_NAME "SuperTux"
| #define PACKAGE_TARNAME "supertux"
| #define PACKAGE_VERSION "0.1.3"
| #define PACKAGE_STRING "SuperTux 0.1.3"
| #define PACKAGE_BUGREPORT ""
| #define PACKAGE_URL ""
| #define PACKAGE "supertux"
| #define VERSION "0.1.3"
| #define HAVE_DIRENT_H 1
| /* end confdefs.h.  */
| #include <ac_nonexistent.h>
configure:4390: result: gcc -E
configure:4410: gcc -E  conftest.c
configure:4410: $? = 0
configure:4424: gcc -E  conftest.c
conftest.c:12:28: error: ac_nonexistent.h: No such file or directory
configure:4424: $? = 1
configure: failed program was:
| /* confdefs.h */
| #define PACKAGE_NAME "SuperTux"
| #define PACKAGE_TARNAME "supertux"
| #define PACKAGE_VERSION "0.1.3"
| #define PACKAGE_STRING "SuperTux 0.1.3"
| #define PACKAGE_BUGREPORT ""
| #define PACKAGE_URL ""
| #define PACKAGE "supertux"
| #define VERSION "0.1.3"
| #define HAVE_DIRENT_H 1
| /* end confdefs.h.  */
| #include <ac_nonexistent.h>
configure:4453: checking for grep that handles long lines and -e
configure:4511: result: /bin/grep
configure:4516: checking for egrep
configure:4578: result: /bin/grep -E
configure:4583: checking for ANSI C header files
configure:4603: gcc -c -g -O2  conftest.c >&5
configure:4603: $? = 0
configure:4676: gcc -o conftest -g -O2   conftest.c  >&5
configure:4676: $? = 0
configure:4676: ./conftest
configure:4676: $? = 0
configure:4687: result: yes
configure:4700: checking for sys/types.h
configure:4700: gcc -c -g -O2  conftest.c >&5
configure:4700: $? = 0
configure:4700: result: yes
configure:4700: checking for sys/stat.h
configure:4700: gcc -c -g -O2  conftest.c >&5
configure:4700: $? = 0
configure:4700: result: yes
configure:4700: checking for stdlib.h
configure:4700: gcc -c -g -O2  conftest.c >&5
configure:4700: $? = 0
configure:4700: result: yes
configure:4700: checking for string.h
configure:4700: gcc -c -g -O2  conftest.c >&5
configure:4700: $? = 0
configure:4700: result: yes
configure:4700: checking for memory.h
configure:4700: gcc -c -g -O2  conftest.c >&5
configure:4700: $? = 0
configure:4700: result: yes
configure:4700: checking for strings.h
configure:4700: gcc -c -g -O2  conftest.c >&5
configure:4700: $? = 0
configure:4700: result: yes
configure:4700: checking for inttypes.h
configure:4700: gcc -c -g -O2  conftest.c >&5
configure:4700: $? = 0
configure:4700: result: yes
configure:4700: checking for stdint.h
configure:4700: gcc -c -g -O2  conftest.c >&5
configure:4700: $? = 0
configure:4700: result: yes
configure:4700: checking for unistd.h
configure:4700: gcc -c -g -O2  conftest.c >&5
configure:4700: $? = 0
configure:4700: result: yes
configure:4715: checking for unistd.h
configure:4715: result: yes
configure:4726: checking for an ANSI C-conforming const
configure:4791: gcc -c -g -O2  conftest.c >&5
configure:4791: $? = 0
configure:4798: result: yes
configure:4808: checking for gprof mode
configure:4822: result: disabled
configure:4826: checking for debug mode
configure:4840: result: disabled
configure:4844: checking wether OpenGL should be used
configure:4857: result: no
configure:4902: checking for sdl-config
configure:4920: found /usr/bin/sdl-config
configure:4933: result: /usr/bin/sdl-config
configure:4942: checking for SDL - version >= 1.2.4
configure:5027: gcc -o conftest -g -O2 -I/usr/include/SDL -D_GNU_SOURCE=1 -D_REENTRANT   conftest.c  -L/usr/lib -lSDL >&5
configure:5027: $? = 0
configure:5027: ./conftest
configure:5027: $? = 0
configure:5041: result: yes
configure:5112: checking for Mix_OpenAudio in -lSDL_mixer
configure:5137: gcc -o conftest -g -O2 -I/usr/include/SDL -D_GNU_SOURCE=1 -D_REENTRANT   conftest.c -lSDL_mixer   -L/usr/lib -lSDL >&5
configure:5137: $? = 0
configure:5146: result: yes
configure:5160: checking for IMG_Load in -lSDL_image
configure:5185: gcc -o conftest -g -O2 -I/usr/include/SDL -D_GNU_SOURCE=1 -D_REENTRANT   conftest.c -lSDL_image  -lSDL_mixer  -L/usr/lib -lSDL >&5
configure:5185: $? = 0
configure:5194: result: yes
configure:5888: checking for gzopen in -lz
configure:5913: gcc -o conftest -g -O2 -I/usr/include/SDL -D_GNU_SOURCE=1 -D_REENTRANT   conftest.c -lz  -lSDL_image -lSDL_mixer  -L/usr/lib -lSDL >&5
configure:5913: $? = 0
configure:5922: result: yes
configure:5941: checking for mkdir
configure:5941: gcc -o conftest -g -O2 -I/usr/include/SDL -D_GNU_SOURCE=1 -D_REENTRANT   conftest.c -lz -lSDL_image -lSDL_mixer  -L/usr/lib -lSDL >&5
configure:5941: $? = 0
configure:5941: result: yes
configure:5941: checking for strdup
configure:5941: gcc -o conftest -g -O2 -I/usr/include/SDL -D_GNU_SOURCE=1 -D_REENTRANT   conftest.c -lz -lSDL_image -lSDL_mixer  -L/usr/lib -lSDL >&5
conftest.c:50: warning: conflicting types for built-in function 'strdup'
configure:5941: $? = 0
configure:5941: result: yes
configure:5941: checking for strstr
configure:5941: gcc -o conftest -g -O2 -I/usr/include/SDL -D_GNU_SOURCE=1 -D_REENTRANT   conftest.c -lz -lSDL_image -lSDL_mixer  -L/usr/lib -lSDL >&5
conftest.c:51: warning: conflicting types for built-in function 'strstr'
configure:5941: $? = 0
configure:5941: result: yes
configure:6112: creating ./config.status

## ---------------------- ##
## Running config.status. ##
## ---------------------- ##

This file was extended by SuperTux config.status 0.1.3, which was
generated by GNU Autoconf 2.64.  Invocation command line was

  CONFIG_FILES    = 
  CONFIG_HEADERS  = 
  CONFIG_LINKS    = 
  CONFIG_COMMANDS = 
  $ ./config.status 

on egaudet-ubuntu

config.status:801: creating Makefile
config.status:801: creating src/Makefile
config.status:801: creating data/Makefile
config.status:964: executing depfiles commands

## ---------------- ##
## Cache variables. ##
## ---------------- ##

ac_cv_build=i686-pc-linux-gnu
ac_cv_c_compiler_gnu=yes
ac_cv_c_const=yes
ac_cv_cxx_compiler_gnu=yes
ac_cv_env_CCC_set=
ac_cv_env_CCC_value=
ac_cv_env_CC_set=
ac_cv_env_CC_value=
ac_cv_env_CFLAGS_set=
ac_cv_env_CFLAGS_value=
ac_cv_env_CPPFLAGS_set=
ac_cv_env_CPPFLAGS_value=
ac_cv_env_CPP_set=
ac_cv_env_CPP_value=
ac_cv_env_CXXFLAGS_set=
ac_cv_env_CXXFLAGS_value=
ac_cv_env_CXX_set=
ac_cv_env_CXX_value=
ac_cv_env_LDFLAGS_set=
ac_cv_env_LDFLAGS_value=
ac_cv_env_LIBS_set=
ac_cv_env_LIBS_value=
ac_cv_env_XMKMF_set=
ac_cv_env_XMKMF_value=
ac_cv_env_build_alias_set=
ac_cv_env_build_alias_value=
ac_cv_env_host_alias_set=
ac_cv_env_host_alias_value=
ac_cv_env_target_alias_set=
ac_cv_env_target_alias_value=
ac_cv_func_mkdir=yes
ac_cv_func_strdup=yes
ac_cv_func_strstr=yes
ac_cv_header_dirent_dirent_h=yes
ac_cv_header_inttypes_h=yes
ac_cv_header_memory_h=yes
ac_cv_header_stdc=yes
ac_cv_header_stdint_h=yes
ac_cv_header_stdlib_h=yes
ac_cv_header_string_h=yes
ac_cv_header_strings_h=yes
ac_cv_header_sys_stat_h=yes
ac_cv_header_sys_types_h=yes
ac_cv_header_unistd_h=yes
ac_cv_host=i686-pc-linux-gnu
ac_cv_lib_SDL_image_IMG_Load=yes
ac_cv_lib_SDL_mixer_Mix_OpenAudio=yes
ac_cv_lib_z_gzopen=yes
ac_cv_objext=o
ac_cv_path_EGREP='/bin/grep -E'
ac_cv_path_GREP=/bin/grep
ac_cv_path_SDL_CONFIG=/usr/bin/sdl-config
ac_cv_path_install='/usr/bin/install -c'
ac_cv_path_mkdir=/bin/mkdir
ac_cv_prog_AWK=gawk
ac_cv_prog_CPP='gcc -E'
ac_cv_prog_ac_ct_CC=gcc
ac_cv_prog_ac_ct_CXX=g++
ac_cv_prog_cc_c89=
ac_cv_prog_cc_g=yes
ac_cv_prog_cxx_g=yes
ac_cv_prog_make_make_set=yes
ac_cv_search_opendir='none required'
ac_cv_target=i686-pc-linux-gnu
am_cv_CC_dependencies_compiler_type=gcc3
am_cv_CXX_dependencies_compiler_type=gcc3

## ----------------- ##
## Output variables. ##
## ----------------- ##

ACLOCAL='${SHELL} /source/supertux-0.1.3/missing --run aclocal-1.11'
AMDEPBACKSLASH='\'
AMDEP_FALSE='#'
AMDEP_TRUE=''
AMTAR='${SHELL} /source/supertux-0.1.3/missing --run tar'
AUTOCONF='${SHELL} /source/supertux-0.1.3/missing --run autoconf'
AUTOHEADER='${SHELL} /source/supertux-0.1.3/missing --run autoheader'
AUTOMAKE='${SHELL} /source/supertux-0.1.3/missing --run automake-1.11'
AWK='gawk'
CC='gcc'
CCDEPMODE='depmode=gcc3'
CFLAGS='-g -O2 -I/usr/include/SDL -D_GNU_SOURCE=1 -D_REENTRANT'
CPP='gcc -E'
CPPFLAGS=''
CXX='g++'
CXXDEPMODE='depmode=gcc3'
CXXFLAGS='-g -O2 -I/usr/include/SDL -D_GNU_SOURCE=1 -D_REENTRANT -DNOOPENGL -DDATA_PREFIX='\''"${datarootdir}/supertux"'\'''
CYGPATH_W='echo'
DEFS='-DPACKAGE_NAME=\"SuperTux\" -DPACKAGE_TARNAME=\"supertux\" -DPACKAGE_VERSION=\"0.1.3\" -DPACKAGE_STRING=\"SuperTux\ 0.1.3\" -DPACKAGE_BUGREPORT=\"\" -DPACKAGE_URL=\"\" -DPACKAGE=\"supertux\" -DVERSION=\"0.1.3\" -DHAVE_DIRENT_H=1 -DSTDC_HEADERS=1 -DHAVE_SYS_TYPES_H=1 -DHAVE_SYS_STAT_H=1 -DHAVE_STDLIB_H=1 -DHAVE_STRING_H=1 -DHAVE_MEMORY_H=1 -DHAVE_STRINGS_H=1 -DHAVE_INTTYPES_H=1 -DHAVE_STDINT_H=1 -DHAVE_UNISTD_H=1 -DHAVE_UNISTD_H=1 -DHAVE_LIBSDL_MIXER=1 -DHAVE_LIBSDL_IMAGE=1 -DHAVE_LIBZ=1 -DHAVE_MKDIR=1 -DHAVE_STRDUP=1 -DHAVE_STRSTR=1'
DEPDIR='.deps'
ECHO_C=''
ECHO_N='-n'
ECHO_T=''
EGREP='/bin/grep -E'
EXEEXT=''
GL_CFLAGS=''
GL_LIBS=''
GREP='/bin/grep'
INSTALL_DATA='${INSTALL} -m 644'
INSTALL_PROGRAM='${INSTALL}'
INSTALL_SCRIPT='${INSTALL}'
INSTALL_STRIP_PROGRAM='$(install_sh) -c -s'
LDFLAGS=''
LIBOBJS=''
LIBS='-lz -lSDL_image -lSDL_mixer  -L/usr/lib -lSDL'
LTLIBOBJS=''
MAKEINFO='${SHELL} /source/supertux-0.1.3/missing --run makeinfo'
MKDIR_P='/bin/mkdir -p'
OBJEXT='o'
PACKAGE='supertux'
PACKAGE_BUGREPORT=''
PACKAGE_NAME='SuperTux'
PACKAGE_STRING='SuperTux 0.1.3'
PACKAGE_TARNAME='supertux'
PACKAGE_URL=''
PACKAGE_VERSION='0.1.3'
PATH_SEPARATOR=':'
PTHREAD_CC=''
PTHREAD_CFLAGS=''
PTHREAD_LIBS=''
SDL_CFLAGS='-I/usr/include/SDL -D_GNU_SOURCE=1 -D_REENTRANT'
SDL_CONFIG='/usr/bin/sdl-config'
SDL_LIBS='-L/usr/lib -lSDL'
SET_MAKE=''
SHELL='/bin/sh'
STRIP=''
VERSION='0.1.3'
XMKMF=''
ac_ct_CC='gcc'
ac_ct_CXX='g++'
acx_pthread_config=''
am__EXEEXT_FALSE=''
am__EXEEXT_TRUE='#'
am__fastdepCC_FALSE='#'
am__fastdepCC_TRUE=''
am__fastdepCXX_FALSE='#'
am__fastdepCXX_TRUE=''
am__include='include'
am__isrc=''
am__leading_dot='.'
am__quote=''
am__tar='${AMTAR} chof - "$$tardir"'
am__untar='${AMTAR} xf -'
bindir='${exec_prefix}/bin'
build='i686-pc-linux-gnu'
build_alias=''
build_cpu='i686'
build_os='linux-gnu'
build_vendor='pc'
datadir='${datarootdir}'
datarootdir='${prefix}/share'
docdir='${datarootdir}/doc/${PACKAGE_TARNAME}'
dvidir='${docdir}'
exec_prefix='${prefix}'
host='i686-pc-linux-gnu'
host_alias=''
host_cpu='i686'
host_os='linux-gnu'
host_vendor='pc'
htmldir='${docdir}'
includedir='${prefix}/include'
infodir='${datarootdir}/info'
install_sh='${SHELL} /source/supertux-0.1.3/install-sh'
libdir='${exec_prefix}/lib'
libexecdir='${exec_prefix}/libexec'
localedir='${datarootdir}/locale'
localstatedir='${prefix}/var'
mandir='${datarootdir}/man'
mkdir_p='/bin/mkdir -p'
oldincludedir='/usr/include'
pdfdir='${docdir}'
prefix='/usr/local'
program_transform_name='s,x,x,'
psdir='${docdir}'
sbindir='${exec_prefix}/sbin'
sharedstatedir='${prefix}/com'
sysconfdir='${prefix}/etc'
target='i686-pc-linux-gnu'
target_alias=''
target_cpu='i686'
target_os='linux-gnu'
target_vendor='pc'

## ----------- ##
## confdefs.h. ##
## ----------- ##

/* confdefs.h */
#define PACKAGE_NAME "SuperTux"
#define PACKAGE_TARNAME "supertux"
#define PACKAGE_VERSION "0.1.3"
#define PACKAGE_STRING "SuperTux 0.1.3"
#define PACKAGE_BUGREPORT ""
#define PACKAGE_URL ""
#define PACKAGE "supertux"
#define VERSION "0.1.3"
#define HAVE_DIRENT_H 1
#define STDC_HEADERS 1
#define HAVE_SYS_TYPES_H 1
#define HAVE_SYS_STAT_H 1
#define HAVE_STDLIB_H 1
#define HAVE_STRING_H 1
#define HAVE_MEMORY_H 1
#define HAVE_STRINGS_H 1
#define HAVE_INTTYPES_H 1
#define HAVE_STDINT_H 1
#define HAVE_UNISTD_H 1
#define HAVE_UNISTD_H 1
#define HAVE_LIBSDL_MIXER 1
#define HAVE_LIBSDL_IMAGE 1
#define HAVE_LIBZ 1
#define HAVE_MKDIR 1
#define HAVE_STRDUP 1
#define HAVE_STRSTR 1

configure: exit 0

## ---------------------- ##
## Running config.status. ##
## ---------------------- ##

This file was extended by SuperTux config.status 0.1.3, which was
generated by GNU Autoconf 2.64.  Invocation command line was

  CONFIG_FILES    = 
  CONFIG_HEADERS  = 
  CONFIG_LINKS    = 
  CONFIG_COMMANDS = 
  $ ./config.status src/Makefile depfiles

on egaudet-ubuntu

config.status:801: creating src/Makefile
config.status:964: executing depfiles commands
