This file contains any messages produced by compilers while
running configure, to aid debugging if configure makes a mistake.

It was created by SuperTux configure 0.1.3, which was
generated by GNU Autoconf 2.64.  Invocation command line was

  $ ./configure --with-sdl-prefix=/usr/local

## --------- ##
## Platform. ##
## --------- ##

hostname = egaudet-ubuntu
uname -m = arm
uname -r = 2.6.32-22-generic
uname -s = Linux
uname -v = #33-Ubuntu SMP Wed Apr 28 13:27:30 UTC 2010

/usr/bin/uname -p = unknown
/bin/uname -X     = unknown

/bin/arch              = unknown
/usr/bin/arch -k       = unknown
/usr/convex/getsysinfo = unknown
/usr/bin/hostinfo      = unknown
/bin/machine           = unknown
/usr/bin/oslevel       = unknown
/bin/universe          = unknown

PATH: /sb2/wrappers
PATH: /sb2/scripts
PATH: /home/egaudet/.scratchbox2/armv7/bin
PATH: /usr/bin
PATH: /home/egaudet/bin
PATH: /usr/local/sbin
PATH: /usr/local/bin
PATH: /usr/sbin
PATH: /usr/bin
PATH: /sbin
PATH: /bin
PATH: /usr/games
PATH: /home/egaudet/webos-internals/build/toolchain/cs08q1armel/build/arm-2008q1/bin
PATH: /sbin
PATH: /usr/sbin
PATH: /srv/preware/cross-compile/toolchain/arm-2007q3/arm-none-linux-gnueabi/libc/bin
PATH: /srv/preware/cross-compile/toolchain/arm-2007q3/arm-none-linux-gnueabi/libc/usr/bin
PATH: /srv/preware/cross-compile/toolchain/arm-2007q3/arm-none-linux-gnueabi/libc/usr/local/bin


## ----------- ##
## Core tests. ##
## ----------- ##

configure:2226: checking build system type
configure:2240: result: arm-unknown-linux-gnu
configure:2260: checking host system type
configure:2273: result: arm-unknown-linux-gnu
configure:2293: checking target system type
configure:2306: result: arm-unknown-linux-gnu
configure:2348: checking for a BSD-compatible install
configure:2416: result: /usr/bin/install -c
configure:2427: checking whether build environment is sane
configure:2477: result: yes
configure:2618: checking for a thread-safe mkdir -p
configure:2657: result: /bin/mkdir -p
configure:2670: checking for gawk
configure:2686: found /usr/bin/gawk
configure:2697: result: gawk
configure:2708: checking whether make sets $(MAKE)
configure:2730: result: yes
configure:2861: checking for gcc
configure:2877: found /usr/bin/gcc
configure:2888: result: gcc
configure:3117: checking for C compiler version
configure:3126: gcc --version >&5
arm-none-linux-gnueabi-gcc (CodeSourcery Sourcery G++ Lite 2007q3-51) 4.2.1
Copyright (C) 2007 Free Software Foundation, Inc.
This is free software; see the source for copying conditions.  There is NO
warranty; not even for MERCHANTABILITY or FITNESS FOR A PARTICULAR PURPOSE.

configure:3137: $? = 0
configure:3126: gcc -v >&5
Using built-in specs.
Reading specs from /usr/share/scratchbox2/modeconf/gcc-specs.simple
rename spec cpp to old_cpp
Target: arm-none-linux-gnueabi
Configured with: /scratch/paul/lite/linux/src/gcc-4.2/configure --build=i686-pc-linux-gnu --host=i686-pc-linux-gnu --target=arm-none-linux-gnueabi --enable-threads --disable-libmudflap --disable-libssp --disable-libgomp --disable-libstdcxx-pch --with-gnu-as --with-gnu-ld --enable-languages=c,c++ --enable-shared --enable-symvers=gnu --enable-__cxa_atexit --with-pkgversion=CodeSourcery Sourcery G++ Lite 2007q3-51 --with-bugurl=https://support.codesourcery.com/GNUToolchain/ --disable-nls --prefix=/opt/codesourcery --with-sysroot=/opt/codesourcery/arm-none-linux-gnueabi/libc --with-build-sysroot=/scratch/paul/lite/linux/install/arm-none-linux-gnueabi/libc --enable-poison-system-directories --with-build-time-tools=/scratch/paul/lite/linux/install/arm-none-linux-gnueabi/bin --with-build-time-tools=/scratch/paul/lite/linux/install/arm-none-linux-gnueabi/bin
Thread model: posix
gcc version 4.2.1 (CodeSourcery Sourcery G++ Lite 2007q3-51)
configure:3137: $? = 0
configure:3126: gcc -V >&5
arm-none-linux-gnueabi-gcc: couldn't run '/srv/preware/cross-compile/toolchain/arm-2007q3/bin/arm-none-linux-gnueabi-gcc--specs=/usr/share/scratchbox2/modeconf/gcc-specs.simple': No such file or directory
configure:3137: $? = 1
configure:3126: gcc -qversion >&5
arm-none-linux-gnueabi-gcc: unrecognized option '-qversion'
arm-none-linux-gnueabi-gcc: no input files
configure:3137: $? = 1
configure:3159: checking for C compiler default output file name
configure:3181: gcc    conftest.c  >&5
configure:3185: $? = 0
configure:3222: result: a.out
configure:3238: checking whether the C compiler works
configure:3247: ./a.out
configure:3251: $? = 0
configure:3266: result: yes
configure:3273: checking whether we are cross compiling
configure:3275: result: no
configure:3278: checking for suffix of executables
configure:3285: gcc -o conftest    conftest.c  >&5
configure:3289: $? = 0
configure:3311: result: 
configure:3317: checking for suffix of object files
configure:3339: gcc -c   conftest.c >&5
configure:3343: $? = 0
configure:3364: result: o
configure:3368: checking whether we are using the GNU C compiler
configure:3387: gcc -c   conftest.c >&5
configure:3387: $? = 0
configure:3396: result: yes
configure:3405: checking whether gcc accepts -g
configure:3425: gcc -c -g  conftest.c >&5
configure:3425: $? = 0
configure:3466: result: yes
configure:3483: checking for gcc option to accept ISO C89
configure:3547: gcc  -c -g -O2  conftest.c >&5
configure:3547: $? = 0
configure:3560: result: none needed
configure:3591: checking for style of include used by make
configure:3619: result: GNU
configure:3644: checking dependency style of gcc
configure:3754: result: gcc3
configure:3827: checking for g++
configure:3843: found /usr/bin/g++
configure:3854: result: g++
configure:3881: checking for C++ compiler version
configure:3890: g++ --version >&5
arm-none-linux-gnueabi-g++ (CodeSourcery Sourcery G++ Lite 2007q3-51) 4.2.1
Copyright (C) 2007 Free Software Foundation, Inc.
This is free software; see the source for copying conditions.  There is NO
warranty; not even for MERCHANTABILITY or FITNESS FOR A PARTICULAR PURPOSE.

configure:3901: $? = 0
configure:3890: g++ -v >&5
Using built-in specs.
Reading specs from /usr/share/scratchbox2/modeconf/gcc-specs.simple
rename spec cpp to old_cpp
Target: arm-none-linux-gnueabi
Configured with: /scratch/paul/lite/linux/src/gcc-4.2/configure --build=i686-pc-linux-gnu --host=i686-pc-linux-gnu --target=arm-none-linux-gnueabi --enable-threads --disable-libmudflap --disable-libssp --disable-libgomp --disable-libstdcxx-pch --with-gnu-as --with-gnu-ld --enable-languages=c,c++ --enable-shared --enable-symvers=gnu --enable-__cxa_atexit --with-pkgversion=CodeSourcery Sourcery G++ Lite 2007q3-51 --with-bugurl=https://support.codesourcery.com/GNUToolchain/ --disable-nls --prefix=/opt/codesourcery --with-sysroot=/opt/codesourcery/arm-none-linux-gnueabi/libc --with-build-sysroot=/scratch/paul/lite/linux/install/arm-none-linux-gnueabi/libc --enable-poison-system-directories --with-build-time-tools=/scratch/paul/lite/linux/install/arm-none-linux-gnueabi/bin --with-build-time-tools=/scratch/paul/lite/linux/install/arm-none-linux-gnueabi/bin
Thread model: posix
gcc version 4.2.1 (CodeSourcery Sourcery G++ Lite 2007q3-51)
configure:3901: $? = 0
configure:3890: g++ -V >&5
arm-none-linux-gnueabi-g++: couldn't run '/srv/preware/cross-compile/toolchain/arm-2007q3/bin/arm-none-linux-gnueabi-gcc--specs=/usr/share/scratchbox2/modeconf/gcc-specs.simple': No such file or directory
configure:3901: $? = 1
configure:3890: g++ -qversion >&5
arm-none-linux-gnueabi-g++: unrecognized option '-qversion'
arm-none-linux-gnueabi-g++: no input files
configure:3901: $? = 1
configure:3905: checking whether we are using the GNU C++ compiler
configure:3924: g++ -c   conftest.cpp >&5
configure:3924: $? = 0
configure:3933: result: yes
configure:3942: checking whether g++ accepts -g
configure:3962: g++ -c -g  conftest.cpp >&5
configure:3962: $? = 0
configure:4003: result: yes
configure:4028: checking dependency style of g++
configure:4138: result: gcc3
configure:4159: checking for dirent.h that defines DIR
configure:4178: gcc -c -g -O2  conftest.c >&5
configure:4178: $? = 0
configure:4186: result: yes
configure:4200: checking for library containing opendir
configure:4231: gcc -o conftest -g -O2   conftest.c  >&5
configure:4231: $? = 0
configure:4248: result: none required
configure:4320: checking how to run the C preprocessor
configure:4351: gcc -E  conftest.c
configure:4351: $? = 0
configure:4365: gcc -E  conftest.c
conftest.c:12:28: error: ac_nonexistent.h: No such file or directory
configure:4365: $? = 1
configure: failed program was:
| /* confdefs.h */
| #define PACKAGE_NAME "SuperTux"
| #define PACKAGE_TARNAME "supertux"
| #define PACKAGE_VERSION "0.1.3"
| #define PACKAGE_STRING "SuperTux 0.1.3"
| #define PACKAGE_BUGREPORT ""
| #define PACKAGE_URL ""
| #define PACKAGE "supertux"
| #define VERSION "0.1.3"
| #define HAVE_DIRENT_H 1
| /* end confdefs.h.  */
| #include <ac_nonexistent.h>
configure:4390: result: gcc -E
configure:4410: gcc -E  conftest.c
configure:4410: $? = 0
configure:4424: gcc -E  conftest.c
conftest.c:12:28: error: ac_nonexistent.h: No such file or directory
configure:4424: $? = 1
configure: failed program was:
| /* confdefs.h */
| #define PACKAGE_NAME "SuperTux"
| #define PACKAGE_TARNAME "supertux"
| #define PACKAGE_VERSION "0.1.3"
| #define PACKAGE_STRING "SuperTux 0.1.3"
| #define PACKAGE_BUGREPORT ""
| #define PACKAGE_URL ""
| #define PACKAGE "supertux"
| #define VERSION "0.1.3"
| #define HAVE_DIRENT_H 1
| /* end confdefs.h.  */
| #include <ac_nonexistent.h>
configure:4453: checking for grep that handles long lines and -e
configure:4511: result: /bin/grep
configure:4516: checking for egrep
configure:4578: result: /bin/grep -E
configure:4583: checking for ANSI C header files
configure:4603: gcc -c -g -O2  conftest.c >&5
configure:4603: $? = 0
configure:4676: gcc -o conftest -g -O2   conftest.c  >&5
configure:4676: $? = 0
configure:4676: ./conftest
configure:4676: $? = 0
configure:4687: result: yes
configure:4700: checking for sys/types.h
configure:4700: gcc -c -g -O2  conftest.c >&5
configure:4700: $? = 0
configure:4700: result: yes
configure:4700: checking for sys/stat.h
configure:4700: gcc -c -g -O2  conftest.c >&5
configure:4700: $? = 0
configure:4700: result: yes
configure:4700: checking for stdlib.h
configure:4700: gcc -c -g -O2  conftest.c >&5
configure:4700: $? = 0
configure:4700: result: yes
configure:4700: checking for string.h
configure:4700: gcc -c -g -O2  conftest.c >&5
configure:4700: $? = 0
configure:4700: result: yes
configure:4700: checking for memory.h
configure:4700: gcc -c -g -O2  conftest.c >&5
configure:4700: $? = 0
configure:4700: result: yes
configure:4700: checking for strings.h
configure:4700: gcc -c -g -O2  conftest.c >&5
configure:4700: $? = 0
configure:4700: result: yes
configure:4700: checking for inttypes.h
configure:4700: gcc -c -g -O2  conftest.c >&5
configure:4700: $? = 0
configure:4700: result: yes
configure:4700: checking for stdint.h
configure:4700: gcc -c -g -O2  conftest.c >&5
configure:4700: $? = 0
configure:4700: result: yes
configure:4700: checking for unistd.h
configure:4700: gcc -c -g -O2  conftest.c >&5
configure:4700: $? = 0
configure:4700: result: yes
configure:4715: checking for unistd.h
configure:4715: result: yes
configure:4726: checking for an ANSI C-conforming const
configure:4791: gcc -c -g -O2  conftest.c >&5
configure:4791: $? = 0
configure:4798: result: yes
configure:4808: checking for gprof mode
configure:4822: result: disabled
configure:4826: checking for debug mode
configure:4840: result: disabled
configure:4844: checking wether OpenGL should be used
configure:4854: result: yes
configure:4902: checking for sdl-config
configure:4933: result: /usr/local/bin/sdl-config
configure:4942: checking for SDL - version >= 1.2.4
configure:5027: gcc -o conftest -g -O2 -I/usr/local/include/SDL -D_GNU_SOURCE=1 -D_REENTRANT   conftest.c  -L/usr/local/lib -Wl,-rpath,/usr/local/lib -lSDL -lpthread >&5
configure:5027: $? = 0
configure:5027: ./conftest
configure:5027: $? = 0
configure:5041: result: yes
configure:5112: checking for Mix_OpenAudio in -lSDL_mixer
configure:5137: gcc -o conftest -g -O2 -I/usr/local/include/SDL -D_GNU_SOURCE=1 -D_REENTRANT   conftest.c -lSDL_mixer   -L/usr/local/lib -Wl,-rpath,/usr/local/lib -lSDL -lpthread >&5
configure:5137: $? = 0
configure:5146: result: yes
configure:5160: checking for IMG_Load in -lSDL_image
configure:5185: gcc -o conftest -g -O2 -I/usr/local/include/SDL -D_GNU_SOURCE=1 -D_REENTRANT   conftest.c -lSDL_image  -lSDL_mixer  -L/usr/local/lib -Wl,-rpath,/usr/local/lib -lSDL -lpthread >&5
configure:5185: $? = 0
configure:5194: result: yes
configure:5209: checking for X
configure:5317: gcc -E  conftest.c
conftest.c:25:22: error: X11/Xlib.h: No such file or directory
configure:5317: $? = 1
configure: failed program was:
| /* confdefs.h */
| #define PACKAGE_NAME "SuperTux"
| #define PACKAGE_TARNAME "supertux"
| #define PACKAGE_VERSION "0.1.3"
| #define PACKAGE_STRING "SuperTux 0.1.3"
| #define PACKAGE_BUGREPORT ""
| #define PACKAGE_URL ""
| #define PACKAGE "supertux"
| #define VERSION "0.1.3"
| #define HAVE_DIRENT_H 1
| #define STDC_HEADERS 1
| #define HAVE_SYS_TYPES_H 1
| #define HAVE_SYS_STAT_H 1
| #define HAVE_STDLIB_H 1
| #define HAVE_STRING_H 1
| #define HAVE_MEMORY_H 1
| #define HAVE_STRINGS_H 1
| #define HAVE_INTTYPES_H 1
| #define HAVE_STDINT_H 1
| #define HAVE_UNISTD_H 1
| #define HAVE_UNISTD_H 1
| #define HAVE_LIBSDL_MIXER 1
| #define HAVE_LIBSDL_IMAGE 1
| /* end confdefs.h.  */
| #include <X11/Xlib.h>
configure:5348: gcc -o conftest -g -O2 -I/usr/local/include/SDL -D_GNU_SOURCE=1 -D_REENTRANT   conftest.c -lX11 -lSDL_image -lSDL_mixer  -L/usr/local/lib -Wl,-rpath,/usr/local/lib -lSDL -lpthread >&5
conftest.c:25:22: error: X11/Xlib.h: No such file or directory
configure:5348: $? = 1
configure: failed program was:
| /* confdefs.h */
| #define PACKAGE_NAME "SuperTux"
| #define PACKAGE_TARNAME "supertux"
| #define PACKAGE_VERSION "0.1.3"
| #define PACKAGE_STRING "SuperTux 0.1.3"
| #define PACKAGE_BUGREPORT ""
| #define PACKAGE_URL ""
| #define PACKAGE "supertux"
| #define VERSION "0.1.3"
| #define HAVE_DIRENT_H 1
| #define STDC_HEADERS 1
| #define HAVE_SYS_TYPES_H 1
| #define HAVE_SYS_STAT_H 1
| #define HAVE_STDLIB_H 1
| #define HAVE_STRING_H 1
| #define HAVE_MEMORY_H 1
| #define HAVE_STRINGS_H 1
| #define HAVE_INTTYPES_H 1
| #define HAVE_STDINT_H 1
| #define HAVE_UNISTD_H 1
| #define HAVE_UNISTD_H 1
| #define HAVE_LIBSDL_MIXER 1
| #define HAVE_LIBSDL_IMAGE 1
| /* end confdefs.h.  */
| #include <X11/Xlib.h>
| int
| main ()
| {
| XrmInitialize ()
|   ;
|   return 0;
| }
configure:5387: result: no
configure:5566: checking for the pthreads library -lpthreads
configure:5599: gcc -o conftest -g -O2 -I/usr/local/include/SDL -D_GNU_SOURCE=1 -D_REENTRANT    conftest.c -lpthreads -lSDL_image -lSDL_mixer  -L/usr/local/lib -Wl,-rpath,/usr/local/lib -lSDL -lpthread >&5
/common/srv/preware/cross-compile/toolchain/arm-2007q3/bin/../lib/gcc/arm-none-linux-gnueabi/4.2.1/../../../../arm-none-linux-gnueabi/bin/ld: cannot find -lpthreads
collect2: ld returned 1 exit status
configure:5599: $? = 1
configure: failed program was:
| /* confdefs.h */
| #define PACKAGE_NAME "SuperTux"
| #define PACKAGE_TARNAME "supertux"
| #define PACKAGE_VERSION "0.1.3"
| #define PACKAGE_STRING "SuperTux 0.1.3"
| #define PACKAGE_BUGREPORT ""
| #define PACKAGE_URL ""
| #define PACKAGE "supertux"
| #define VERSION "0.1.3"
| #define HAVE_DIRENT_H 1
| #define STDC_HEADERS 1
| #define HAVE_SYS_TYPES_H 1
| #define HAVE_SYS_STAT_H 1
| #define HAVE_STDLIB_H 1
| #define HAVE_STRING_H 1
| #define HAVE_MEMORY_H 1
| #define HAVE_STRINGS_H 1
| #define HAVE_INTTYPES_H 1
| #define HAVE_STDINT_H 1
| #define HAVE_UNISTD_H 1
| #define HAVE_UNISTD_H 1
| #define HAVE_LIBSDL_MIXER 1
| #define HAVE_LIBSDL_IMAGE 1
| /* end confdefs.h.  */
| #include <pthread.h>
| int
| main ()
| {
| pthread_t th; pthread_join(th, 0);
|                      pthread_attr_init(0); pthread_cleanup_push(0, 0);
|                      pthread_create(0,0,0,0); pthread_cleanup_pop(0);
|   ;
|   return 0;
| }
configure:5608: result: no
configure:5511: checking whether pthreads work without any flags
configure:5599: gcc -o conftest -g -O2 -I/usr/local/include/SDL -D_GNU_SOURCE=1 -D_REENTRANT    conftest.c  -lSDL_image -lSDL_mixer  -L/usr/local/lib -Wl,-rpath,/usr/local/lib -lSDL -lpthread >&5
configure:5599: $? = 0
configure:5608: result: yes
configure:5628: checking for joinable pthread attribute
configure:5641: gcc -o conftest -g -O2 -I/usr/local/include/SDL -D_GNU_SOURCE=1 -D_REENTRANT    conftest.c  -lSDL_image -lSDL_mixer  -L/usr/local/lib -Wl,-rpath,/usr/local/lib -lSDL -lpthread >&5
configure:5641: $? = 0
configure:5673: result: PTHREAD_CREATE_JOINABLE
configure:5680: checking if more special flags are required for pthreads
configure:5687: result: no
configure:5699: checking for cc_r
configure:5727: result: gcc
configure:5803: checking windows.h usability
configure:5803: gcc -c -g -O2 -I/usr/local/include/SDL -D_GNU_SOURCE=1 -D_REENTRANT  conftest.c >&5
conftest.c:59:21: error: windows.h: No such file or directory
configure:5803: $? = 1
configure: failed program was:
| /* confdefs.h */
| #define PACKAGE_NAME "SuperTux"
| #define PACKAGE_TARNAME "supertux"
| #define PACKAGE_VERSION "0.1.3"
| #define PACKAGE_STRING "SuperTux 0.1.3"
| #define PACKAGE_BUGREPORT ""
| #define PACKAGE_URL ""
| #define PACKAGE "supertux"
| #define VERSION "0.1.3"
| #define HAVE_DIRENT_H 1
| #define STDC_HEADERS 1
| #define HAVE_SYS_TYPES_H 1
| #define HAVE_SYS_STAT_H 1
| #define HAVE_STDLIB_H 1
| #define HAVE_STRING_H 1
| #define HAVE_MEMORY_H 1
| #define HAVE_STRINGS_H 1
| #define HAVE_INTTYPES_H 1
| #define HAVE_STDINT_H 1
| #define HAVE_UNISTD_H 1
| #define HAVE_UNISTD_H 1
| #define HAVE_LIBSDL_MIXER 1
| #define HAVE_LIBSDL_IMAGE 1
| #define HAVE_PTHREAD 1
| /* end confdefs.h.  */
| #include <stdio.h>
| #ifdef HAVE_SYS_TYPES_H
| # include <sys/types.h>
| #endif
| #ifdef HAVE_SYS_STAT_H
| # include <sys/stat.h>
| #endif
| #ifdef STDC_HEADERS
| # include <stdlib.h>
| # include <stddef.h>
| #else
| # ifdef HAVE_STDLIB_H
| #  include <stdlib.h>
| # endif
| #endif
| #ifdef HAVE_STRING_H
| # if !defined STDC_HEADERS && defined HAVE_MEMORY_H
| #  include <memory.h>
| # endif
| # include <string.h>
| #endif
| #ifdef HAVE_STRINGS_H
| # include <strings.h>
| #endif
| #ifdef HAVE_INTTYPES_H
| # include <inttypes.h>
| #endif
| #ifdef HAVE_STDINT_H
| # include <stdint.h>
| #endif
| #ifdef HAVE_UNISTD_H
| # include <unistd.h>
| #endif
| #include <windows.h>
configure:5803: result: no
configure:5803: checking windows.h presence
configure:5803: gcc -E  conftest.c
conftest.c:26:21: error: windows.h: No such file or directory
configure:5803: $? = 1
configure: failed program was:
| /* confdefs.h */
| #define PACKAGE_NAME "SuperTux"
| #define PACKAGE_TARNAME "supertux"
| #define PACKAGE_VERSION "0.1.3"
| #define PACKAGE_STRING "SuperTux 0.1.3"
| #define PACKAGE_BUGREPORT ""
| #define PACKAGE_URL ""
| #define PACKAGE "supertux"
| #define VERSION "0.1.3"
| #define HAVE_DIRENT_H 1
| #define STDC_HEADERS 1
| #define HAVE_SYS_TYPES_H 1
| #define HAVE_SYS_STAT_H 1
| #define HAVE_STDLIB_H 1
| #define HAVE_STRING_H 1
| #define HAVE_MEMORY_H 1
| #define HAVE_STRINGS_H 1
| #define HAVE_INTTYPES_H 1
| #define HAVE_STDINT_H 1
| #define HAVE_UNISTD_H 1
| #define HAVE_UNISTD_H 1
| #define HAVE_LIBSDL_MIXER 1
| #define HAVE_LIBSDL_IMAGE 1
| #define HAVE_PTHREAD 1
| /* end confdefs.h.  */
| #include <windows.h>
configure:5803: result: no
configure:5803: checking for windows.h
configure:5803: result: no
configure:5814: checking for OpenGL library
configure:5848: gcc -o conftest -g -O2 -I/usr/local/include/SDL -D_GNU_SOURCE=1 -D_REENTRANT    conftest.c -lopengl32  -lm -lSDL_image -lSDL_mixer  -L/usr/local/lib -Wl,-rpath,/usr/local/lib -lSDL -lpthread >&5
conftest.c:30:20: error: GL/gl.h: No such file or directory
configure:5848: $? = 1
configure: failed program was:
| /* confdefs.h */
| #define PACKAGE_NAME "SuperTux"
| #define PACKAGE_TARNAME "supertux"
| #define PACKAGE_VERSION "0.1.3"
| #define PACKAGE_STRING "SuperTux 0.1.3"
| #define PACKAGE_BUGREPORT ""
| #define PACKAGE_URL ""
| #define PACKAGE "supertux"
| #define VERSION "0.1.3"
| #define HAVE_DIRENT_H 1
| #define STDC_HEADERS 1
| #define HAVE_SYS_TYPES_H 1
| #define HAVE_SYS_STAT_H 1
| #define HAVE_STDLIB_H 1
| #define HAVE_STRING_H 1
| #define HAVE_MEMORY_H 1
| #define HAVE_STRINGS_H 1
| #define HAVE_INTTYPES_H 1
| #define HAVE_STDINT_H 1
| #define HAVE_UNISTD_H 1
| #define HAVE_UNISTD_H 1
| #define HAVE_LIBSDL_MIXER 1
| #define HAVE_LIBSDL_IMAGE 1
| #define HAVE_PTHREAD 1
| /* end confdefs.h.  */
| 
| # if HAVE_WINDOWS_H && defined(_WIN32)
| #   include <windows.h>
| # endif
| # include <GL/gl.h>
| 
| int
| main ()
| {
| glBegin(0)
|   ;
|   return 0;
| }
configure:5848: gcc -o conftest -g -O2 -I/usr/local/include/SDL -D_GNU_SOURCE=1 -D_REENTRANT    conftest.c -lGL  -lm -lSDL_image -lSDL_mixer  -L/usr/local/lib -Wl,-rpath,/usr/local/lib -lSDL -lpthread >&5
conftest.c:30:20: error: GL/gl.h: No such file or directory
configure:5848: $? = 1
configure: failed program was:
| /* confdefs.h */
| #define PACKAGE_NAME "SuperTux"
| #define PACKAGE_TARNAME "supertux"
| #define PACKAGE_VERSION "0.1.3"
| #define PACKAGE_STRING "SuperTux 0.1.3"
| #define PACKAGE_BUGREPORT ""
| #define PACKAGE_URL ""
| #define PACKAGE "supertux"
| #define VERSION "0.1.3"
| #define HAVE_DIRENT_H 1
| #define STDC_HEADERS 1
| #define HAVE_SYS_TYPES_H 1
| #define HAVE_SYS_STAT_H 1
| #define HAVE_STDLIB_H 1
| #define HAVE_STRING_H 1
| #define HAVE_MEMORY_H 1
| #define HAVE_STRINGS_H 1
| #define HAVE_INTTYPES_H 1
| #define HAVE_STDINT_H 1
| #define HAVE_UNISTD_H 1
| #define HAVE_UNISTD_H 1
| #define HAVE_LIBSDL_MIXER 1
| #define HAVE_LIBSDL_IMAGE 1
| #define HAVE_PTHREAD 1
| /* end confdefs.h.  */
| 
| # if HAVE_WINDOWS_H && defined(_WIN32)
| #   include <windows.h>
| # endif
| # include <GL/gl.h>
| 
| int
| main ()
| {
| glBegin(0)
|   ;
|   return 0;
| }
configure:5857: result: no
configure:5888: checking for gzopen in -lz
configure:5913: gcc -o conftest -g -O2 -I/usr/local/include/SDL -D_GNU_SOURCE=1 -D_REENTRANT   conftest.c -lz  -lSDL_image -lSDL_mixer  -L/usr/local/lib -Wl,-rpath,/usr/local/lib -lSDL -lpthread >&5
configure:5913: $? = 0
configure:5922: result: yes
configure:5941: checking for mkdir
configure:5941: gcc -o conftest -g -O2 -I/usr/local/include/SDL -D_GNU_SOURCE=1 -D_REENTRANT   conftest.c -lz -lSDL_image -lSDL_mixer  -L/usr/local/lib -Wl,-rpath,/usr/local/lib -lSDL -lpthread >&5
configure:5941: $? = 0
configure:5941: result: yes
configure:5941: checking for strdup
configure:5941: gcc -o conftest -g -O2 -I/usr/local/include/SDL -D_GNU_SOURCE=1 -D_REENTRANT   conftest.c -lz -lSDL_image -lSDL_mixer  -L/usr/local/lib -Wl,-rpath,/usr/local/lib -lSDL -lpthread >&5
conftest.c:51: warning: conflicting types for built-in function 'strdup'
configure:5941: $? = 0
configure:5941: result: yes
configure:5941: checking for strstr
configure:5941: gcc -o conftest -g -O2 -I/usr/local/include/SDL -D_GNU_SOURCE=1 -D_REENTRANT   conftest.c -lz -lSDL_image -lSDL_mixer  -L/usr/local/lib -Wl,-rpath,/usr/local/lib -lSDL -lpthread >&5
conftest.c:52: warning: conflicting types for built-in function 'strstr'
configure:5941: $? = 0
configure:5941: result: yes
configure:6112: creating ./config.status

## ---------------------- ##
## Running config.status. ##
## ---------------------- ##

This file was extended by SuperTux config.status 0.1.3, which was
generated by GNU Autoconf 2.64.  Invocation command line was

  CONFIG_FILES    = 
  CONFIG_HEADERS  = 
  CONFIG_LINKS    = 
  CONFIG_COMMANDS = 
  $ ./config.status 

on egaudet-ubuntu

config.status:801: creating Makefile
config.status:801: creating src/Makefile
config.status:801: creating data/Makefile
config.status:964: executing depfiles commands

## ---------------- ##
## Cache variables. ##
## ---------------- ##

ac_cv_build=arm-unknown-linux-gnu
ac_cv_c_compiler_gnu=yes
ac_cv_c_const=yes
ac_cv_cxx_compiler_gnu=yes
ac_cv_env_CCC_set=
ac_cv_env_CCC_value=
ac_cv_env_CC_set=
ac_cv_env_CC_value=
ac_cv_env_CFLAGS_set=
ac_cv_env_CFLAGS_value=
ac_cv_env_CPPFLAGS_set=
ac_cv_env_CPPFLAGS_value=
ac_cv_env_CPP_set=
ac_cv_env_CPP_value=
ac_cv_env_CXXFLAGS_set=
ac_cv_env_CXXFLAGS_value=
ac_cv_env_CXX_set=
ac_cv_env_CXX_value=
ac_cv_env_LDFLAGS_set=
ac_cv_env_LDFLAGS_value=
ac_cv_env_LIBS_set=
ac_cv_env_LIBS_value=
ac_cv_env_XMKMF_set=
ac_cv_env_XMKMF_value=
ac_cv_env_build_alias_set=
ac_cv_env_build_alias_value=
ac_cv_env_host_alias_set=
ac_cv_env_host_alias_value=
ac_cv_env_target_alias_set=
ac_cv_env_target_alias_value=
ac_cv_func_mkdir=yes
ac_cv_func_strdup=yes
ac_cv_func_strstr=yes
ac_cv_have_x=have_x=no
ac_cv_header_dirent_dirent_h=yes
ac_cv_header_inttypes_h=yes
ac_cv_header_memory_h=yes
ac_cv_header_stdc=yes
ac_cv_header_stdint_h=yes
ac_cv_header_stdlib_h=yes
ac_cv_header_string_h=yes
ac_cv_header_strings_h=yes
ac_cv_header_sys_stat_h=yes
ac_cv_header_sys_types_h=yes
ac_cv_header_unistd_h=yes
ac_cv_header_windows_h=no
ac_cv_host=arm-unknown-linux-gnu
ac_cv_lib_SDL_image_IMG_Load=yes
ac_cv_lib_SDL_mixer_Mix_OpenAudio=yes
ac_cv_lib_z_gzopen=yes
ac_cv_objext=o
ac_cv_path_EGREP='/bin/grep -E'
ac_cv_path_GREP=/bin/grep
ac_cv_path_SDL_CONFIG=/usr/local/bin/sdl-config
ac_cv_path_install='/usr/bin/install -c'
ac_cv_path_mkdir=/bin/mkdir
ac_cv_prog_AWK=gawk
ac_cv_prog_CPP='gcc -E'
ac_cv_prog_PTHREAD_CC=gcc
ac_cv_prog_ac_ct_CC=gcc
ac_cv_prog_ac_ct_CXX=g++
ac_cv_prog_cc_c89=
ac_cv_prog_cc_g=yes
ac_cv_prog_cxx_g=yes
ac_cv_prog_make_make_set=yes
ac_cv_search_opendir='none required'
ac_cv_target=arm-unknown-linux-gnu
am_cv_CC_dependencies_compiler_type=gcc3
am_cv_CXX_dependencies_compiler_type=gcc3
ax_cv_check_gl_libgl=no

## ----------------- ##
## Output variables. ##
## ----------------- ##

ACLOCAL='${SHELL} /home/egaudet/webos-internals/supertux/src/missing --run aclocal-1.11'
AMDEPBACKSLASH='\'
AMDEP_FALSE='#'
AMDEP_TRUE=''
AMTAR='${SHELL} /home/egaudet/webos-internals/supertux/src/missing --run tar'
AUTOCONF='${SHELL} /home/egaudet/webos-internals/supertux/src/missing --run autoconf'
AUTOHEADER='${SHELL} /home/egaudet/webos-internals/supertux/src/missing --run autoheader'
AUTOMAKE='${SHELL} /home/egaudet/webos-internals/supertux/src/missing --run automake-1.11'
AWK='gawk'
CC='gcc'
CCDEPMODE='depmode=gcc3'
CFLAGS='-g -O2 -I/usr/local/include/SDL -D_GNU_SOURCE=1 -D_REENTRANT'
CPP='gcc -E'
CPPFLAGS=''
CXX='g++'
CXXDEPMODE='depmode=gcc3'
CXXFLAGS='-g -O2 -I/usr/local/include/SDL -D_GNU_SOURCE=1 -D_REENTRANT -DNOOPENGL -DDATA_PREFIX='\''"${datarootdir}/supertux"'\'''
CYGPATH_W='echo'
DEFS='-DPACKAGE_NAME=\"SuperTux\" -DPACKAGE_TARNAME=\"supertux\" -DPACKAGE_VERSION=\"0.1.3\" -DPACKAGE_STRING=\"SuperTux\ 0.1.3\" -DPACKAGE_BUGREPORT=\"\" -DPACKAGE_URL=\"\" -DPACKAGE=\"supertux\" -DVERSION=\"0.1.3\" -DHAVE_DIRENT_H=1 -DSTDC_HEADERS=1 -DHAVE_SYS_TYPES_H=1 -DHAVE_SYS_STAT_H=1 -DHAVE_STDLIB_H=1 -DHAVE_STRING_H=1 -DHAVE_MEMORY_H=1 -DHAVE_STRINGS_H=1 -DHAVE_INTTYPES_H=1 -DHAVE_STDINT_H=1 -DHAVE_UNISTD_H=1 -DHAVE_UNISTD_H=1 -DHAVE_LIBSDL_MIXER=1 -DHAVE_LIBSDL_IMAGE=1 -DHAVE_PTHREAD=1 -DHAVE_LIBZ=1 -DHAVE_MKDIR=1 -DHAVE_STRDUP=1 -DHAVE_STRSTR=1'
DEPDIR='.deps'
ECHO_C=''
ECHO_N='-n'
ECHO_T=''
EGREP='/bin/grep -E'
EXEEXT=''
GL_CFLAGS=''
GL_LIBS=''
GREP='/bin/grep'
INSTALL_DATA='${INSTALL} -m 644'
INSTALL_PROGRAM='${INSTALL}'
INSTALL_SCRIPT='${INSTALL}'
INSTALL_STRIP_PROGRAM='$(install_sh) -c -s'
LDFLAGS=''
LIBOBJS=''
LIBS='-lz -lSDL_image -lSDL_mixer  -L/usr/local/lib -Wl,-rpath,/usr/local/lib -lSDL -lpthread'
LTLIBOBJS=''
MAKEINFO='${SHELL} /home/egaudet/webos-internals/supertux/src/missing --run makeinfo'
MKDIR_P='/bin/mkdir -p'
OBJEXT='o'
PACKAGE='supertux'
PACKAGE_BUGREPORT=''
PACKAGE_NAME='SuperTux'
PACKAGE_STRING='SuperTux 0.1.3'
PACKAGE_TARNAME='supertux'
PACKAGE_URL=''
PACKAGE_VERSION='0.1.3'
PATH_SEPARATOR=':'
PTHREAD_CC='gcc'
PTHREAD_CFLAGS=''
PTHREAD_LIBS=''
SDL_CFLAGS='-I/usr/local/include/SDL -D_GNU_SOURCE=1 -D_REENTRANT'
SDL_CONFIG='/usr/local/bin/sdl-config'
SDL_LIBS='-L/usr/local/lib -Wl,-rpath,/usr/local/lib -lSDL -lpthread'
SET_MAKE=''
SHELL='/bin/sh'
STRIP=''
VERSION='0.1.3'
XMKMF=''
ac_ct_CC='gcc'
ac_ct_CXX='g++'
acx_pthread_config=''
am__EXEEXT_FALSE=''
am__EXEEXT_TRUE='#'
am__fastdepCC_FALSE='#'
am__fastdepCC_TRUE=''
am__fastdepCXX_FALSE='#'
am__fastdepCXX_TRUE=''
am__include='include'
am__isrc=''
am__leading_dot='.'
am__quote=''
am__tar='${AMTAR} chof - "$$tardir"'
am__untar='${AMTAR} xf -'
bindir='${exec_prefix}/bin'
build='arm-unknown-linux-gnu'
build_alias=''
build_cpu='arm'
build_os='linux-gnu'
build_vendor='unknown'
datadir='${datarootdir}'
datarootdir='${prefix}/share'
docdir='${datarootdir}/doc/${PACKAGE_TARNAME}'
dvidir='${docdir}'
exec_prefix='${prefix}'
host='arm-unknown-linux-gnu'
host_alias=''
host_cpu='arm'
host_os='linux-gnu'
host_vendor='unknown'
htmldir='${docdir}'
includedir='${prefix}/include'
infodir='${datarootdir}/info'
install_sh='${SHELL} /home/egaudet/webos-internals/supertux/src/install-sh'
libdir='${exec_prefix}/lib'
libexecdir='${exec_prefix}/libexec'
localedir='${datarootdir}/locale'
localstatedir='${prefix}/var'
mandir='${datarootdir}/man'
mkdir_p='/bin/mkdir -p'
oldincludedir='/usr/include'
pdfdir='${docdir}'
prefix='/usr/local'
program_transform_name='s,x,x,'
psdir='${docdir}'
sbindir='${exec_prefix}/sbin'
sharedstatedir='${prefix}/com'
sysconfdir='${prefix}/etc'
target='arm-unknown-linux-gnu'
target_alias=''
target_cpu='arm'
target_os='linux-gnu'
target_vendor='unknown'

## ----------- ##
## confdefs.h. ##
## ----------- ##

/* confdefs.h */
#define PACKAGE_NAME "SuperTux"
#define PACKAGE_TARNAME "supertux"
#define PACKAGE_VERSION "0.1.3"
#define PACKAGE_STRING "SuperTux 0.1.3"
#define PACKAGE_BUGREPORT ""
#define PACKAGE_URL ""
#define PACKAGE "supertux"
#define VERSION "0.1.3"
#define HAVE_DIRENT_H 1
#define STDC_HEADERS 1
#define HAVE_SYS_TYPES_H 1
#define HAVE_SYS_STAT_H 1
#define HAVE_STDLIB_H 1
#define HAVE_STRING_H 1
#define HAVE_MEMORY_H 1
#define HAVE_STRINGS_H 1
#define HAVE_INTTYPES_H 1
#define HAVE_STDINT_H 1
#define HAVE_UNISTD_H 1
#define HAVE_UNISTD_H 1
#define HAVE_LIBSDL_MIXER 1
#define HAVE_LIBSDL_IMAGE 1
#define HAVE_PTHREAD 1
#define HAVE_LIBZ 1
#define HAVE_MKDIR 1
#define HAVE_STRDUP 1
#define HAVE_STRSTR 1

configure: exit 0
